#
# There is insufficient memory for the Java Runtime Environment to continue.
# Native memory allocation (malloc) failed to allocate 7326368 bytes for AllocateHeap
# Possible reasons:
#   The system is out of physical RAM or swap space
#   The process is running with CompressedOops enabled, and the Java Heap may be blocking the growth of the native heap
# Possible solutions:
#   Reduce memory load on the system
#   Increase physical memory or swap space
#   Check if swap backing store is full
#   Decrease Java heap size (-Xmx/-Xms)
#   Decrease number of Java threads
#   Decrease Java thread stack sizes (-Xss)
#   Set larger code cache with -XX:ReservedCodeCacheSize=
#   JVM is running with Zero Based Compressed Oops mode in which the Java heap is
#     placed in the first 32GB address space. The Java Heap base address is the
#     maximum limit for the native heap growth. Please use -XX:HeapBaseMinAddress
#     to set the Java Heap base and to place the Java Heap above 32GB virtual address.
# This output file may be truncated or incomplete.
#
#  Out of Memory Error (allocation.cpp:44), pid=41364, tid=40740
#
# JRE version: OpenJDK Runtime Environment Temurin-17.0.2+8 (17.0.2+8) (build 17.0.2+8)
# Java VM: OpenJDK 64-Bit Server VM Temurin-17.0.2+8 (17.0.2+8, mixed mode, tiered, compressed oops, compressed class ptrs, g1 gc, windows-amd64)
# No core dump will be written. Minidumps are not enabled by default on client versions of Windows
#

---------------  S U M M A R Y ------------

Command Line: -Dfile.encoding=Cp1252 -XX:+ShowCodeDetailsInExceptionMessages Controller.GameController

Host: AMD Ryzen 5 5600H with Radeon Graphics         , 12 cores, 13G,  Windows 10 , 64 bit Build 19041 (10.0.19041.1706)
Time: Sat Jun  4 07:06:37 2022 Egypt Standard Time elapsed time: 4.447516 seconds (0d 0h 0m 4s)

---------------  T H R E A D  ---------------

Current thread (0x000001610a3749d0):  JavaThread "Direct Clip" daemon [_thread_in_vm, id=40740, stack(0x00000052ec900000,0x00000052eca00000)]

Stack: [0x00000052ec900000,0x00000052eca00000]
Native frames: (J=compiled Java code, j=interpreted, Vv=VM code, C=native code)
V  [jvm.dll+0x67564a]
V  [jvm.dll+0x82fc04]
V  [jvm.dll+0x8313ae]
V  [jvm.dll+0x831a13]
V  [jvm.dll+0x245235]
V  [jvm.dll+0xa6393]
V  [jvm.dll+0x3e8d63]
C  [jsound.dll+0x1526]

Java frames: (J=compiled Java code, j=interpreted, Vv=VM code)
j  com.sun.media.sound.DirectAudioDevice.nWrite(J[BIIIFF)I+0 java.desktop@17.0.2
j  com.sun.media.sound.DirectAudioDevice$DirectDL.write([BII)I+180 java.desktop@17.0.2
j  com.sun.media.sound.DirectAudioDevice$DirectClip.run()V+189 java.desktop@17.0.2
j  java.lang.Thread.run()V+11 java.base@17.0.2
v  ~StubRoutines::call_stub

---------------  P R O C E S S  ---------------

Threads class SMR info:
_java_thread_list=0x000001610a371f20, length=23, elements={
0x000001610a033420, 0x00000161097340a0, 0x000001610a0416e0, 0x000001610a066c10,
0x000001610a05bc70, 0x000001610a05c740, 0x000001610a073940, 0x000001610a076250,
0x000001610a077330, 0x000001610a1dcb10, 0x000001610a1f1d60, 0x000001610a34f070,
0x000001610a3749d0, 0x000001610a396380, 0x000001610a3737e0, 0x000001610a373cb0,
0x000001610b4f9e50, 0x000001610bac62d0, 0x000001610bac5930, 0x000001610bac5e00,
0x000001610bac4f90, 0x000001610bac4ac0, 0x000001610bac6c70
}

Java Threads: ( => current thread )
  0x000001610a033420 JavaThread "Reference Handler" daemon [_thread_blocked, id=37300, stack(0x00000052eb700000,0x00000052eb800000)]
  0x00000161097340a0 JavaThread "Finalizer" daemon [_thread_blocked, id=18084, stack(0x00000052eb800000,0x00000052eb900000)]
  0x000001610a0416e0 JavaThread "Signal Dispatcher" daemon [_thread_blocked, id=11640, stack(0x00000052eb900000,0x00000052eba00000)]
  0x000001610a066c10 JavaThread "Attach Listener" daemon [_thread_blocked, id=28660, stack(0x00000052eba00000,0x00000052ebb00000)]
  0x000001610a05bc70 JavaThread "Service Thread" daemon [_thread_blocked, id=3744, stack(0x00000052ebb00000,0x00000052ebc00000)]
  0x000001610a05c740 JavaThread "Monitor Deflation Thread" daemon [_thread_blocked, id=37280, stack(0x00000052ebc00000,0x00000052ebd00000)]
  0x000001610a073940 JavaThread "C2 CompilerThread0" daemon [_thread_blocked, id=39724, stack(0x00000052ebd00000,0x00000052ebe00000)]
  0x000001610a076250 JavaThread "C1 CompilerThread0" daemon [_thread_blocked, id=33648, stack(0x00000052ebe00000,0x00000052ebf00000)]
  0x000001610a077330 JavaThread "Sweeper thread" daemon [_thread_blocked, id=20272, stack(0x00000052ebf00000,0x00000052ec000000)]
  0x000001610a1dcb10 JavaThread "Notification Thread" daemon [_thread_blocked, id=41588, stack(0x00000052ec000000,0x00000052ec100000)]
  0x000001610a1f1d60 JavaThread "Common-Cleaner" daemon [_thread_blocked, id=34336, stack(0x00000052ec200000,0x00000052ec300000)]
  0x000001610a34f070 JavaThread "Java Sound Event Dispatcher" daemon [_thread_blocked, id=35952, stack(0x00000052ec500000,0x00000052ec600000)]
=>0x000001610a3749d0 JavaThread "Direct Clip" daemon [_thread_in_vm, id=40740, stack(0x00000052ec900000,0x00000052eca00000)]
  0x000001610a396380 JavaThread "Direct Clip" daemon [_thread_blocked, id=39540, stack(0x00000052ecc00000,0x00000052ecd00000)]
  0x000001610a3737e0 JavaThread "Java2D Disposer" daemon [_thread_blocked, id=25340, stack(0x00000052ecd00000,0x00000052ece00000)]
  0x000001610a373cb0 JavaThread "AWT-Shutdown" [_thread_blocked, id=30648, stack(0x00000052ece00000,0x00000052ecf00000)]
  0x000001610b4f9e50 JavaThread "AWT-Windows" daemon [_thread_in_native, id=15004, stack(0x00000052ecf00000,0x00000052ed000000)]
  0x000001610bac62d0 JavaThread "AWT-EventQueue-0" [_thread_in_Java, id=14256, stack(0x00000052ed800000,0x00000052ed900000)]
  0x000001610bac5930 JavaThread "D3D Screen Updater" daemon [_thread_blocked, id=33312, stack(0x00000052ed900000,0x00000052eda00000)]
  0x000001610bac5e00 JavaThread "Image Fetcher 0" daemon [_thread_blocked, id=32672, stack(0x00000052eda00000,0x00000052edb00000)]
  0x000001610bac4f90 JavaThread "DestroyJavaVM" [_thread_blocked, id=41416, stack(0x00000052eb000000,0x00000052eb100000)]
  0x000001610bac4ac0 JavaThread "Direct Clip" daemon [_thread_blocked, id=40528, stack(0x00000052edb00000,0x00000052edc00000)]
  0x000001610bac6c70 JavaThread "TimerQueue" daemon [_thread_blocked, id=39384, stack(0x00000052edd00000,0x00000052ede00000)]

Other Threads:
  0x000001610a0209d0 VMThread "VM Thread" [stack: 0x00000052eb600000,0x00000052eb700000] [id=31392]
  0x000001610a1de020 WatcherThread [stack: 0x00000052ec100000,0x00000052ec200000] [id=13020]
  0x000001616ba85a60 GCTaskThread "GC Thread#0" [stack: 0x00000052eb100000,0x00000052eb200000] [id=27800]
  0x000001616ba95f10 ConcurrentGCThread "G1 Main Marker" [stack: 0x00000052eb200000,0x00000052eb300000] [id=33260]
  0x000001616ba96920 ConcurrentGCThread "G1 Conc#0" [stack: 0x00000052eb300000,0x00000052eb400000] [id=19764]
  0x00000161095b38f0 ConcurrentGCThread "G1 Refine#0" [stack: 0x00000052eb400000,0x00000052eb500000] [id=5904]
  0x000001616bb0f140 ConcurrentGCThread "G1 Service" [stack: 0x00000052eb500000,0x00000052eb600000] [id=8516]

Threads with active compile tasks:
C1 CompilerThread0     4455 1126   !   3       javax.swing.UIDefaults::getFromResourceBundle (69 bytes)

VM state: not at safepoint (normal execution)

VM Mutex/Monitor currently owned by a thread: None

Heap address: 0x0000000722400000, size: 3548 MB, Compressed Oops mode: Zero based, Oop shift amount: 3

CDS archive(s) not mapped
Compressed class space mapped at: 0x0000000800000000-0x0000000840000000, reserved size: 1073741824
Narrow klass base: 0x0000000800000000, Narrow klass shift: 0, Narrow klass range: 0x40000000

GC Precious Log:
 CPUs: 12 total, 12 available
 Memory: 14188M
 Large Page Support: Disabled
 NUMA Support: Disabled
 Compressed Oops: Enabled (Zero based)
 Heap Region Size: 2M
 Heap Min Capacity: 8M
 Heap Initial Capacity: 222M
 Heap Max Capacity: 3548M
 Pre-touch: Disabled
 Parallel Workers: 10
 Concurrent Workers: 3
 Concurrent Refinement Workers: 10
 Periodic GC: Disabled

Heap:
 garbage-first heap   total 227328K, used 32768K [0x0000000722400000, 0x0000000800000000)
  region size 2048K, 8 young (16384K), 0 survivors (0K)
 Metaspace       used 15715K, committed 15936K, reserved 1064960K
  class space    used 1636K, committed 1728K, reserved 1048576K

Heap Regions: E=young(eden), S=young(survivor), O=old, HS=humongous(starts), HC=humongous(continues), CS=collection set, F=free, OA=open archive, CA=closed archive, TAMS=top-at-mark-start (previous, next)
|   0|0x0000000722400000, 0x0000000722600000, 0x0000000722600000|100%|HS|  |TAMS 0x0000000722400000, 0x0000000722400000| Complete 
|   1|0x0000000722600000, 0x0000000722800000, 0x0000000722800000|100%|HC|  |TAMS 0x0000000722600000, 0x0000000722600000| Complete 
|   2|0x0000000722800000, 0x0000000722a00000, 0x0000000722a00000|100%|HC|  |TAMS 0x0000000722800000, 0x0000000722800000| Complete 
|   3|0x0000000722a00000, 0x0000000722c00000, 0x0000000722c00000|100%|HC|  |TAMS 0x0000000722a00000, 0x0000000722a00000| Complete 
|   4|0x0000000722c00000, 0x0000000722e00000, 0x0000000722e00000|100%|HS|  |TAMS 0x0000000722c00000, 0x0000000722c00000| Complete 
|   5|0x0000000722e00000, 0x0000000723000000, 0x0000000723000000|100%|HC|  |TAMS 0x0000000722e00000, 0x0000000722e00000| Complete 
|   6|0x0000000723000000, 0x0000000723200000, 0x0000000723200000|100%|HC|  |TAMS 0x0000000723000000, 0x0000000723000000| Complete 
|   7|0x0000000723200000, 0x0000000723400000, 0x0000000723400000|100%|HS|  |TAMS 0x0000000723200000, 0x0000000723200000| Complete 
|   8|0x0000000723400000, 0x0000000723600000, 0x0000000723600000|100%|HC|  |TAMS 0x0000000723400000, 0x0000000723400000| Complete 
|   9|0x0000000723600000, 0x0000000723800000, 0x0000000723800000|100%|HS|  |TAMS 0x0000000723600000, 0x0000000723600000| Complete 
|  10|0x0000000723800000, 0x0000000723800000, 0x0000000723a00000|  0%| F|  |TAMS 0x0000000723800000, 0x0000000723800000| Untracked 
|  11|0x0000000723a00000, 0x0000000723a00000, 0x0000000723c00000|  0%| F|  |TAMS 0x0000000723a00000, 0x0000000723a00000| Untracked 
|  12|0x0000000723c00000, 0x0000000723c00000, 0x0000000723e00000|  0%| F|  |TAMS 0x0000000723c00000, 0x0000000723c00000| Untracked 
|  13|0x0000000723e00000, 0x0000000723e00000, 0x0000000724000000|  0%| F|  |TAMS 0x0000000723e00000, 0x0000000723e00000| Untracked 
|  14|0x0000000724000000, 0x0000000724000000, 0x0000000724200000|  0%| F|  |TAMS 0x0000000724000000, 0x0000000724000000| Untracked 
|  15|0x0000000724200000, 0x0000000724200000, 0x0000000724400000|  0%| F|  |TAMS 0x0000000724200000, 0x0000000724200000| Untracked 
|  16|0x0000000724400000, 0x0000000724400000, 0x0000000724600000|  0%| F|  |TAMS 0x0000000724400000, 0x0000000724400000| Untracked 
|  17|0x0000000724600000, 0x0000000724600000, 0x0000000724800000|  0%| F|  |TAMS 0x0000000724600000, 0x0000000724600000| Untracked 
|  18|0x0000000724800000, 0x0000000724800000, 0x0000000724a00000|  0%| F|  |TAMS 0x0000000724800000, 0x0000000724800000| Untracked 
|  19|0x0000000724a00000, 0x0000000724a00000, 0x0000000724c00000|  0%| F|  |TAMS 0x0000000724a00000, 0x0000000724a00000| Untracked 
|  20|0x0000000724c00000, 0x0000000724c00000, 0x0000000724e00000|  0%| F|  |TAMS 0x0000000724c00000, 0x0000000724c00000| Untracked 
|  21|0x0000000724e00000, 0x0000000724e00000, 0x0000000725000000|  0%| F|  |TAMS 0x0000000724e00000, 0x0000000724e00000| Untracked 
|  22|0x0000000725000000, 0x0000000725000000, 0x0000000725200000|  0%| F|  |TAMS 0x0000000725000000, 0x0000000725000000| Untracked 
|  23|0x0000000725200000, 0x0000000725200000, 0x0000000725400000|  0%| F|  |TAMS 0x0000000725200000, 0x0000000725200000| Untracked 
|  24|0x0000000725400000, 0x0000000725400000, 0x0000000725600000|  0%| F|  |TAMS 0x0000000725400000, 0x0000000725400000| Untracked 
|  25|0x0000000725600000, 0x0000000725600000, 0x0000000725800000|  0%| F|  |TAMS 0x0000000725600000, 0x0000000725600000| Untracked 
|  26|0x0000000725800000, 0x0000000725800000, 0x0000000725a00000|  0%| F|  |TAMS 0x0000000725800000, 0x0000000725800000| Untracked 
|  27|0x0000000725a00000, 0x0000000725a00000, 0x0000000725c00000|  0%| F|  |TAMS 0x0000000725a00000, 0x0000000725a00000| Untracked 
|  28|0x0000000725c00000, 0x0000000725c00000, 0x0000000725e00000|  0%| F|  |TAMS 0x0000000725c00000, 0x0000000725c00000| Untracked 
|  29|0x0000000725e00000, 0x0000000725e00000, 0x0000000726000000|  0%| F|  |TAMS 0x0000000725e00000, 0x0000000725e00000| Untracked 
|  30|0x0000000726000000, 0x0000000726000000, 0x0000000726200000|  0%| F|  |TAMS 0x0000000726000000, 0x0000000726000000| Untracked 
|  31|0x0000000726200000, 0x0000000726200000, 0x0000000726400000|  0%| F|  |TAMS 0x0000000726200000, 0x0000000726200000| Untracked 
|  32|0x0000000726400000, 0x0000000726400000, 0x0000000726600000|  0%| F|  |TAMS 0x0000000726400000, 0x0000000726400000| Untracked 
|  33|0x0000000726600000, 0x0000000726600000, 0x0000000726800000|  0%| F|  |TAMS 0x0000000726600000, 0x0000000726600000| Untracked 
|  34|0x0000000726800000, 0x0000000726800000, 0x0000000726a00000|  0%| F|  |TAMS 0x0000000726800000, 0x0000000726800000| Untracked 
|  35|0x0000000726a00000, 0x0000000726a00000, 0x0000000726c00000|  0%| F|  |TAMS 0x0000000726a00000, 0x0000000726a00000| Untracked 
|  36|0x0000000726c00000, 0x0000000726c00000, 0x0000000726e00000|  0%| F|  |TAMS 0x0000000726c00000, 0x0000000726c00000| Untracked 
|  37|0x0000000726e00000, 0x0000000726e00000, 0x0000000727000000|  0%| F|  |TAMS 0x0000000726e00000, 0x0000000726e00000| Untracked 
|  38|0x0000000727000000, 0x0000000727000000, 0x0000000727200000|  0%| F|  |TAMS 0x0000000727000000, 0x0000000727000000| Untracked 
|  39|0x0000000727200000, 0x0000000727200000, 0x0000000727400000|  0%| F|  |TAMS 0x0000000727200000, 0x0000000727200000| Untracked 
|  40|0x0000000727400000, 0x0000000727400000, 0x0000000727600000|  0%| F|  |TAMS 0x0000000727400000, 0x0000000727400000| Untracked 
|  41|0x0000000727600000, 0x0000000727600000, 0x0000000727800000|  0%| F|  |TAMS 0x0000000727600000, 0x0000000727600000| Untracked 
|  42|0x0000000727800000, 0x0000000727800000, 0x0000000727a00000|  0%| F|  |TAMS 0x0000000727800000, 0x0000000727800000| Untracked 
|  43|0x0000000727a00000, 0x0000000727a00000, 0x0000000727c00000|  0%| F|  |TAMS 0x0000000727a00000, 0x0000000727a00000| Untracked 
|  44|0x0000000727c00000, 0x0000000727c00000, 0x0000000727e00000|  0%| F|  |TAMS 0x0000000727c00000, 0x0000000727c00000| Untracked 
|  45|0x0000000727e00000, 0x0000000727e00000, 0x0000000728000000|  0%| F|  |TAMS 0x0000000727e00000, 0x0000000727e00000| Untracked 
|  46|0x0000000728000000, 0x0000000728000000, 0x0000000728200000|  0%| F|  |TAMS 0x0000000728000000, 0x0000000728000000| Untracked 
|  47|0x0000000728200000, 0x0000000728200000, 0x0000000728400000|  0%| F|  |TAMS 0x0000000728200000, 0x0000000728200000| Untracked 
|  48|0x0000000728400000, 0x0000000728400000, 0x0000000728600000|  0%| F|  |TAMS 0x0000000728400000, 0x0000000728400000| Untracked 
|  49|0x0000000728600000, 0x0000000728600000, 0x0000000728800000|  0%| F|  |TAMS 0x0000000728600000, 0x0000000728600000| Untracked 
|  50|0x0000000728800000, 0x0000000728800000, 0x0000000728a00000|  0%| F|  |TAMS 0x0000000728800000, 0x0000000728800000| Untracked 
|  51|0x0000000728a00000, 0x0000000728a00000, 0x0000000728c00000|  0%| F|  |TAMS 0x0000000728a00000, 0x0000000728a00000| Untracked 
|  52|0x0000000728c00000, 0x0000000728c00000, 0x0000000728e00000|  0%| F|  |TAMS 0x0000000728c00000, 0x0000000728c00000| Untracked 
|  53|0x0000000728e00000, 0x0000000728e00000, 0x0000000729000000|  0%| F|  |TAMS 0x0000000728e00000, 0x0000000728e00000| Untracked 
|  54|0x0000000729000000, 0x0000000729000000, 0x0000000729200000|  0%| F|  |TAMS 0x0000000729000000, 0x0000000729000000| Untracked 
|  55|0x0000000729200000, 0x0000000729200000, 0x0000000729400000|  0%| F|  |TAMS 0x0000000729200000, 0x0000000729200000| Untracked 
|  56|0x0000000729400000, 0x0000000729400000, 0x0000000729600000|  0%| F|  |TAMS 0x0000000729400000, 0x0000000729400000| Untracked 
|  57|0x0000000729600000, 0x0000000729600000, 0x0000000729800000|  0%| F|  |TAMS 0x0000000729600000, 0x0000000729600000| Untracked 
|  58|0x0000000729800000, 0x0000000729800000, 0x0000000729a00000|  0%| F|  |TAMS 0x0000000729800000, 0x0000000729800000| Untracked 
|  59|0x0000000729a00000, 0x0000000729a00000, 0x0000000729c00000|  0%| F|  |TAMS 0x0000000729a00000, 0x0000000729a00000| Untracked 
|  60|0x0000000729c00000, 0x0000000729c00000, 0x0000000729e00000|  0%| F|  |TAMS 0x0000000729c00000, 0x0000000729c00000| Untracked 
|  61|0x0000000729e00000, 0x0000000729e00000, 0x000000072a000000|  0%| F|  |TAMS 0x0000000729e00000, 0x0000000729e00000| Untracked 
|  62|0x000000072a000000, 0x000000072a000000, 0x000000072a200000|  0%| F|  |TAMS 0x000000072a000000, 0x000000072a000000| Untracked 
|  63|0x000000072a200000, 0x000000072a200000, 0x000000072a400000|  0%| F|  |TAMS 0x000000072a200000, 0x000000072a200000| Untracked 
|  64|0x000000072a400000, 0x000000072a400000, 0x000000072a600000|  0%| F|  |TAMS 0x000000072a400000, 0x000000072a400000| Untracked 
|  65|0x000000072a600000, 0x000000072a600000, 0x000000072a800000|  0%| F|  |TAMS 0x000000072a600000, 0x000000072a600000| Untracked 
|  66|0x000000072a800000, 0x000000072a800000, 0x000000072aa00000|  0%| F|  |TAMS 0x000000072a800000, 0x000000072a800000| Untracked 
|  67|0x000000072aa00000, 0x000000072aa00000, 0x000000072ac00000|  0%| F|  |TAMS 0x000000072aa00000, 0x000000072aa00000| Untracked 
|  68|0x000000072ac00000, 0x000000072ac00000, 0x000000072ae00000|  0%| F|  |TAMS 0x000000072ac00000, 0x000000072ac00000| Untracked 
|  69|0x000000072ae00000, 0x000000072ae00000, 0x000000072b000000|  0%| F|  |TAMS 0x000000072ae00000, 0x000000072ae00000| Untracked 
|  70|0x000000072b000000, 0x000000072b000000, 0x000000072b200000|  0%| F|  |TAMS 0x000000072b000000, 0x000000072b000000| Untracked 
|  71|0x000000072b200000, 0x000000072b200000, 0x000000072b400000|  0%| F|  |TAMS 0x000000072b200000, 0x000000072b200000| Untracked 
|  72|0x000000072b400000, 0x000000072b400000, 0x000000072b600000|  0%| F|  |TAMS 0x000000072b400000, 0x000000072b400000| Untracked 
|  73|0x000000072b600000, 0x000000072b600000, 0x000000072b800000|  0%| F|  |TAMS 0x000000072b600000, 0x000000072b600000| Untracked 
|  74|0x000000072b800000, 0x000000072b800000, 0x000000072ba00000|  0%| F|  |TAMS 0x000000072b800000, 0x000000072b800000| Untracked 
|  75|0x000000072ba00000, 0x000000072ba00000, 0x000000072bc00000|  0%| F|  |TAMS 0x000000072ba00000, 0x000000072ba00000| Untracked 
|  76|0x000000072bc00000, 0x000000072bc00000, 0x000000072be00000|  0%| F|  |TAMS 0x000000072bc00000, 0x000000072bc00000| Untracked 
|  77|0x000000072be00000, 0x000000072be00000, 0x000000072c000000|  0%| F|  |TAMS 0x000000072be00000, 0x000000072be00000| Untracked 
|  78|0x000000072c000000, 0x000000072c000000, 0x000000072c200000|  0%| F|  |TAMS 0x000000072c000000, 0x000000072c000000| Untracked 
|  79|0x000000072c200000, 0x000000072c200000, 0x000000072c400000|  0%| F|  |TAMS 0x000000072c200000, 0x000000072c200000| Untracked 
|  80|0x000000072c400000, 0x000000072c400000, 0x000000072c600000|  0%| F|  |TAMS 0x000000072c400000, 0x000000072c400000| Untracked 
|  81|0x000000072c600000, 0x000000072c600000, 0x000000072c800000|  0%| F|  |TAMS 0x000000072c600000, 0x000000072c600000| Untracked 
|  82|0x000000072c800000, 0x000000072c800000, 0x000000072ca00000|  0%| F|  |TAMS 0x000000072c800000, 0x000000072c800000| Untracked 
|  83|0x000000072ca00000, 0x000000072ca00000, 0x000000072cc00000|  0%| F|  |TAMS 0x000000072ca00000, 0x000000072ca00000| Untracked 
|  84|0x000000072cc00000, 0x000000072cc00000, 0x000000072ce00000|  0%| F|  |TAMS 0x000000072cc00000, 0x000000072cc00000| Untracked 
|  85|0x000000072ce00000, 0x000000072ce00000, 0x000000072d000000|  0%| F|  |TAMS 0x000000072ce00000, 0x000000072ce00000| Untracked 
|  86|0x000000072d000000, 0x000000072d000000, 0x000000072d200000|  0%| F|  |TAMS 0x000000072d000000, 0x000000072d000000| Untracked 
|  87|0x000000072d200000, 0x000000072d200000, 0x000000072d400000|  0%| F|  |TAMS 0x000000072d200000, 0x000000072d200000| Untracked 
|  88|0x000000072d400000, 0x000000072d400000, 0x000000072d600000|  0%| F|  |TAMS 0x000000072d400000, 0x000000072d400000| Untracked 
|  89|0x000000072d600000, 0x000000072d600000, 0x000000072d800000|  0%| F|  |TAMS 0x000000072d600000, 0x000000072d600000| Untracked 
|  90|0x000000072d800000, 0x000000072d800000, 0x000000072da00000|  0%| F|  |TAMS 0x000000072d800000, 0x000000072d800000| Untracked 
|  91|0x000000072da00000, 0x000000072da00000, 0x000000072dc00000|  0%| F|  |TAMS 0x000000072da00000, 0x000000072da00000| Untracked 
|  92|0x000000072dc00000, 0x000000072dc00000, 0x000000072de00000|  0%| F|  |TAMS 0x000000072dc00000, 0x000000072dc00000| Untracked 
|  93|0x000000072de00000, 0x000000072de00000, 0x000000072e000000|  0%| F|  |TAMS 0x000000072de00000, 0x000000072de00000| Untracked 
|  94|0x000000072e000000, 0x000000072e000000, 0x000000072e200000|  0%| F|  |TAMS 0x000000072e000000, 0x000000072e000000| Untracked 
|  95|0x000000072e200000, 0x000000072e200000, 0x000000072e400000|  0%| F|  |TAMS 0x000000072e200000, 0x000000072e200000| Untracked 
|  96|0x000000072e400000, 0x000000072e400000, 0x000000072e600000|  0%| F|  |TAMS 0x000000072e400000, 0x000000072e400000| Untracked 
|  97|0x000000072e600000, 0x000000072e600000, 0x000000072e800000|  0%| F|  |TAMS 0x000000072e600000, 0x000000072e600000| Untracked 
|  98|0x000000072e800000, 0x000000072e800000, 0x000000072ea00000|  0%| F|  |TAMS 0x000000072e800000, 0x000000072e800000| Untracked 
|  99|0x000000072ea00000, 0x000000072ea00000, 0x000000072ec00000|  0%| F|  |TAMS 0x000000072ea00000, 0x000000072ea00000| Untracked 
| 100|0x000000072ec00000, 0x000000072ec00000, 0x000000072ee00000|  0%| F|  |TAMS 0x000000072ec00000, 0x000000072ec00000| Untracked 
| 101|0x000000072ee00000, 0x000000072ee00000, 0x000000072f000000|  0%| F|  |TAMS 0x000000072ee00000, 0x000000072ee00000| Untracked 
| 102|0x000000072f000000, 0x000000072f000000, 0x000000072f200000|  0%| F|  |TAMS 0x000000072f000000, 0x000000072f000000| Untracked 
| 103|0x000000072f200000, 0x000000072f400000, 0x000000072f400000|100%| E|  |TAMS 0x000000072f200000, 0x000000072f200000| Complete 
| 104|0x000000072f400000, 0x000000072f600000, 0x000000072f600000|100%| E|CS|TAMS 0x000000072f400000, 0x000000072f400000| Complete 
| 105|0x000000072f600000, 0x000000072f800000, 0x000000072f800000|100%| E|  |TAMS 0x000000072f600000, 0x000000072f600000| Complete 
| 106|0x000000072f800000, 0x000000072fa00000, 0x000000072fa00000|100%| E|CS|TAMS 0x000000072f800000, 0x000000072f800000| Complete 
| 107|0x000000072fa00000, 0x000000072fc00000, 0x000000072fc00000|100%| E|CS|TAMS 0x000000072fa00000, 0x000000072fa00000| Complete 
| 108|0x000000072fc00000, 0x000000072fe00000, 0x000000072fe00000|100%| E|CS|TAMS 0x000000072fc00000, 0x000000072fc00000| Complete 
| 109|0x000000072fe00000, 0x0000000730000000, 0x0000000730000000|100%| E|CS|TAMS 0x000000072fe00000, 0x000000072fe00000| Complete 
| 110|0x0000000730000000, 0x0000000730200000, 0x0000000730200000|100%| E|CS|TAMS 0x0000000730000000, 0x0000000730000000| Complete 

Card table byte_map: [0x000001617ed50000,0x000001617f440000] _byte_map_base: 0x000001617b43e000

Marking Bits (Prev, Next): (CMBitMap*) 0x000001616ba86070, (CMBitMap*) 0x000001616ba860b0
 Prev Bits: [0x0000016100000000, 0x0000016103770000)
 Next Bits: [0x0000016103770000, 0x0000016106ee0000)

Polling page: 0x0000016169800000

Metaspace:

Usage:
  Non-class:     13.75 MB used.
      Class:      1.60 MB used.
       Both:     15.35 MB used.

Virtual space:
  Non-class space:       16.00 MB reserved,      13.88 MB ( 87%) committed,  2 nodes.
      Class space:        1.00 GB reserved,       1.69 MB ( <1%) committed,  1 nodes.
             Both:        1.02 GB reserved,      15.56 MB (  1%) committed. 

Chunk freelists:
   Non-Class:  1.97 MB
       Class:  2.23 MB
        Both:  4.20 MB

MaxMetaspaceSize: unlimited
CompressedClassSpaceSize: 1.00 GB
Initial GC threshold: 21.00 MB
Current GC threshold: 21.00 MB
CDS: off
MetaspaceReclaimPolicy: balanced
 - commit_granule_bytes: 65536.
 - commit_granule_words: 8192.
 - virtual_space_node_default_size: 1048576.
 - enlarge_chunks_in_place: 1.
 - new_chunks_are_fully_committed: 0.
 - uncommit_free_chunks: 1.
 - use_allocation_guard: 0.
 - handle_deallocations: 1.


Internal statistics:

num_allocs_failed_limit: 0.
num_arena_births: 116.
num_arena_deaths: 0.
num_vsnodes_births: 3.
num_vsnodes_deaths: 0.
num_space_committed: 249.
num_space_uncommitted: 0.
num_chunks_returned_to_freelist: 0.
num_chunks_taken_from_freelist: 199.
num_chunk_merges: 0.
num_chunk_splits: 102.
num_chunks_enlarged: 40.
num_purges: 0.
num_inconsistent_stats: 0.

CodeHeap 'non-profiled nmethods': size=120000Kb used=293Kb max_used=293Kb free=119706Kb
 bounds [0x0000016176bd0000, 0x0000016176e40000, 0x000001617e100000]
CodeHeap 'profiled nmethods': size=120000Kb used=1929Kb max_used=1929Kb free=118070Kb
 bounds [0x000001616f6a0000, 0x000001616f910000, 0x0000016176bd0000]
CodeHeap 'non-nmethods': size=5760Kb used=1287Kb max_used=1305Kb free=4472Kb
 bounds [0x000001616f100000, 0x000001616f370000, 0x000001616f6a0000]
 total_blobs=1746 nmethods=1126 adapters=533
 compilation: enabled
              stopped_count=0, restarted_count=0
 full_count=0

Compilation events (20 events):
Event: 4.048 Thread 0x000001610a076250 1116       3       sun.java2d.pipe.RenderQueue::unlock (4 bytes)
Event: 4.048 Thread 0x000001610a076250 nmethod 1116 0x000001616f87af90 code [0x000001616f87b160, 0x000001616f87b598]
Event: 4.048 Thread 0x000001610a076250 1117       3       sun.awt.SunToolkit::awtUnlock (7 bytes)
Event: 4.048 Thread 0x000001610a076250 nmethod 1117 0x000001616f87b710 code [0x000001616f87b8e0, 0x000001616f87bc98]
Event: 4.311 Thread 0x000001610a076250 1118       3       sun.font.CompositeGlyphMapper::getCachedGlyphCode (32 bytes)
Event: 4.311 Thread 0x000001610a076250 nmethod 1118 0x000001616f87be10 code [0x000001616f87bfc0, 0x000001616f87c218]
Event: 4.311 Thread 0x000001610a076250 1119   !   3       sun.font.FileFontStrike::getCachedGlyphPtr (27 bytes)
Event: 4.311 Thread 0x000001610a076250 nmethod 1119 0x000001616f87c390 code [0x000001616f87c5a0, 0x000001616f87cb58]
Event: 4.311 Thread 0x000001610a076250 1120       3       sun.font.FileFontStrike::getCachedGlyphPtrInternal (120 bytes)
Event: 4.311 Thread 0x000001610a076250 nmethod 1120 0x000001616f87cd90 code [0x000001616f87cf80, 0x000001616f87d458]
Event: 4.316 Thread 0x000001610a076250 1121       3       java.util.Collections::emptyList (4 bytes)
Event: 4.316 Thread 0x000001610a076250 nmethod 1121 0x000001616f87d710 code [0x000001616f87d8a0, 0x000001616f87d998]
Event: 4.316 Thread 0x000001610a076250 1122       3       java.lang.StringConcatHelper::initialCoder (14 bytes)
Event: 4.316 Thread 0x000001610a076250 nmethod 1122 0x000001616f87da10 code [0x000001616f87dba0, 0x000001616f87dcb8]
Event: 4.316 Thread 0x000001610a076250 1123       3       sun.java2d.SunGraphics2D::setFont (105 bytes)
Event: 4.317 Thread 0x000001610a076250 nmethod 1123 0x000001616f87dd10 code [0x000001616f87df00, 0x000001616f87e7b8]
Event: 4.317 Thread 0x000001610a076250 1124   !   3       sun.java2d.SunGraphics2D::validateCompClip (186 bytes)
Event: 4.317 Thread 0x000001610a076250 nmethod 1124 0x000001616f87ea10 code [0x000001616f87eca0, 0x000001616f87f978]
Event: 4.320 Thread 0x000001610a076250 1125       3       java.lang.StringConcatHelper::simpleConcat (94 bytes)
Event: 4.320 Thread 0x000001610a076250 nmethod 1125 0x000001616f87fd90 code [0x000001616f8800c0, 0x000001616f8814f8]

GC Heap History (0 events):
No events

Deoptimization events (20 events):
Event: 1.758 Thread 0x000001610bac62d0 Uncommon trap: trap_request=0xffffff45 fr.pc=0x0000016176c02670 relative=0x00000000000000d0
Event: 1.758 Thread 0x000001610bac62d0 Uncommon trap: reason=unstable_if action=reinterpret pc=0x0000016176c02670 method=java.awt.Component.inside(II)Z @ 9 c2
Event: 1.758 Thread 0x000001610bac62d0 DEOPT PACKING pc=0x0000016176c02670 sp=0x00000052ed8fda50
Event: 1.758 Thread 0x000001610bac62d0 DEOPT UNPACKING pc=0x000001616f1523a3 sp=0x00000052ed8fd8e8 mode 2
Event: 2.323 Thread 0x000001610bac62d0 Uncommon trap: trap_request=0xffffffde fr.pc=0x0000016176befaac relative=0x00000000000001ac
Event: 2.323 Thread 0x000001610bac62d0 Uncommon trap: reason=class_check action=maybe_recompile pc=0x0000016176befaac method=java.lang.String.equals(Ljava/lang/Object;)Z @ 8 c2
Event: 2.323 Thread 0x000001610bac62d0 DEOPT PACKING pc=0x0000016176befaac sp=0x00000052ed8fe100
Event: 2.323 Thread 0x000001610bac62d0 DEOPT UNPACKING pc=0x000001616f1523a3 sp=0x00000052ed8fe0a8 mode 2
Event: 2.323 Thread 0x000001610bac62d0 Uncommon trap: trap_request=0xffffffde fr.pc=0x0000016176befaac relative=0x00000000000001ac
Event: 2.323 Thread 0x000001610bac62d0 Uncommon trap: reason=class_check action=maybe_recompile pc=0x0000016176befaac method=java.lang.String.equals(Ljava/lang/Object;)Z @ 8 c2
Event: 2.323 Thread 0x000001610bac62d0 DEOPT PACKING pc=0x0000016176befaac sp=0x00000052ed8fe100
Event: 2.323 Thread 0x000001610bac62d0 DEOPT UNPACKING pc=0x000001616f1523a3 sp=0x00000052ed8fe0a8 mode 2
Event: 2.405 Thread 0x000001610bac62d0 Uncommon trap: trap_request=0xffffffde fr.pc=0x0000016176befaac relative=0x00000000000001ac
Event: 2.405 Thread 0x000001610bac62d0 Uncommon trap: reason=class_check action=maybe_recompile pc=0x0000016176befaac method=java.lang.String.equals(Ljava/lang/Object;)Z @ 8 c2
Event: 2.405 Thread 0x000001610bac62d0 DEOPT PACKING pc=0x0000016176befaac sp=0x00000052ed8fe100
Event: 2.405 Thread 0x000001610bac62d0 DEOPT UNPACKING pc=0x000001616f1523a3 sp=0x00000052ed8fe0a8 mode 2
Event: 2.405 Thread 0x000001610bac62d0 Uncommon trap: trap_request=0xffffffde fr.pc=0x0000016176befaac relative=0x00000000000001ac
Event: 2.405 Thread 0x000001610bac62d0 Uncommon trap: reason=class_check action=maybe_recompile pc=0x0000016176befaac method=java.lang.String.equals(Ljava/lang/Object;)Z @ 8 c2
Event: 2.405 Thread 0x000001610bac62d0 DEOPT PACKING pc=0x0000016176befaac sp=0x00000052ed8fe100
Event: 2.405 Thread 0x000001610bac62d0 DEOPT UNPACKING pc=0x000001616f1523a3 sp=0x00000052ed8fe0a8 mode 2

Classes unloaded (0 events):
No events

Classes redefined (0 events):
No events

Internal exceptions (13 events):
Event: 0.090 Thread 0x000001616991bf80 Exception <a 'java/lang/NoSuchMethodError'{0x00000007301c3a38}: 'java.lang.Object java.lang.invoke.DirectMethodHandle$Holder.invokeStaticInit(java.lang.Object)'> (0x00000007301c3a38) 
thrown [e:\jenkins\tmp\workspace\build\src\src\hotspot\share\interpreter\linkResolver.cpp, line 766]
Event: 0.316 Thread 0x000001616991bf80 Exception <a 'java/lang/ClassNotFoundException'{0x000000072fee6458}: sun/awt/resources/spi/awtProvider> (0x000000072fee6458) 
thrown [e:\jenkins\tmp\workspace\build\src\src\hotspot\share\classfile\systemDictionary.cpp, line 256]
Event: 0.330 Thread 0x000001616991bf80 Exception <a 'java/io/FileNotFoundException'{0x000000072ff39130}> (0x000000072ff39130) 
thrown [e:\jenkins\tmp\workspace\build\src\src\hotspot\share\prims\jni.cpp, line 516]
Event: 0.333 Thread 0x000001616991bf80 Exception <a 'java/io/FileNotFoundException'{0x000000072ff66300}> (0x000000072ff66300) 
thrown [e:\jenkins\tmp\workspace\build\src\src\hotspot\share\prims\jni.cpp, line 516]
Event: 0.518 Thread 0x000001616991bf80 Exception <a 'java/lang/NoSuchMethodError'{0x000000072fc359c0}: 'void java.lang.invoke.DirectMethodHandle$Holder.invokeSpecial(java.lang.Object, java.lang.Object, java.lang.Object)'> (0x000000072fc359c0) 
thrown [e:\jenkins\tmp\workspace\build\src\src\hotspot\share\interpreter\linkResolver.cpp, line 766]
Event: 0.523 Thread 0x000001616991bf80 Exception <a 'java/lang/NoSuchMethodError'{0x000000072fc5fa90}: 'java.lang.Object java.lang.invoke.DirectMethodHandle$Holder.newInvokeSpecial(java.lang.Object, java.lang.Object, java.lang.Object, java.lang.Object, java.lang.Object)'> (0x000000072fc5fa90) 
thrown [e:\jenkins\tmp\workspace\build\src\src\hotspot\share\interpreter\linkResolver.cpp, line 766]
Event: 0.524 Thread 0x000001616991bf80 Exception <a 'java/lang/NoSuchMethodError'{0x000000072fc6b458}: 'java.lang.Object java.lang.invoke.DirectMethodHandle$Holder.invokeStatic(java.lang.Object, int, java.lang.Object, java.lang.Object, java.lang.Object, java.lang.Object)'> (0x000000072fc6b458) 
thrown [e:\jenkins\tmp\workspace\build\src\src\hotspot\share\interpreter\linkResolver.cpp, line 766]
Event: 0.526 Thread 0x000001616991bf80 Exception <a 'java/lang/NoSuchMethodError'{0x000000072fc90e78}: 'java.lang.Object java.lang.invoke.DirectMethodHandle$Holder.invokeStatic(java.lang.Object, int, java.lang.Object)'> (0x000000072fc90e78) 
thrown [e:\jenkins\tmp\workspace\build\src\src\hotspot\share\interpreter\linkResolver.cpp, line 766]
Event: 0.540 Thread 0x000001616991bf80 Exception <a 'java/lang/ClassNotFoundException'{0x000000072fd48800}: com/sun/swing/internal/plaf/metal/resources/spi/metalProvider> (0x000000072fd48800) 
thrown [e:\jenkins\tmp\workspace\build\src\src\hotspot\share\classfile\systemDictionary.cpp, line 256]
Event: 0.541 Thread 0x000001616991bf80 Exception <a 'java/lang/ClassNotFoundException'{0x000000072fd4c6d8}: com/sun/swing/internal/plaf/basic/resources/spi/basicProvider> (0x000000072fd4c6d8) 
thrown [e:\jenkins\tmp\workspace\build\src\src\hotspot\share\classfile\systemDictionary.cpp, line 256]
Event: 0.553 Thread 0x000001610b4f9e50 Exception <a 'java/lang/NoSuchMethodError'{0x000000072ffd3320}: 'void java.lang.invoke.DirectMethodHandle$Holder.invokeVirtual(java.lang.Object, java.lang.Object)'> (0x000000072ffd3320) 
thrown [e:\jenkins\tmp\workspace\build\src\src\hotspot\share\interpreter\linkResolver.cpp, line 766]
Event: 0.574 Thread 0x000001616991bf80 Exception <a 'java/lang/NoSuchMethodError'{0x000000072fd87518}: 'void java.lang.invoke.DirectMethodHandle$Holder.invokeStaticInit(java.lang.Object)'> (0x000000072fd87518) 
thrown [e:\jenkins\tmp\workspace\build\src\src\hotspot\share\interpreter\linkResolver.cpp, line 766]
Event: 0.654 Thread 0x000001610bac5e00 Exception <a 'java/lang/NoSuchMethodError'{0x000000072fa82b38}: 'java.lang.Object java.lang.invoke.DirectMethodHandle$Holder.newInvokeSpecial(java.lang.Object, java.lang.Object, java.lang.Object, int, int, int, int, int)'> (0x000000072fa82b38) 
thrown [e:\jenkins\tmp\workspace\build\src\src\hotspot\share\interpreter\linkResolver.cpp, line 766]

VM Operations (16 events):
Event: 0.540 Executing VM operation: HandshakeAllThreads
Event: 0.540 Executing VM operation: HandshakeAllThreads done
Event: 0.558 Executing VM operation: HandshakeAllThreads
Event: 0.558 Executing VM operation: HandshakeAllThreads done
Event: 0.598 Executing VM operation: HandshakeAllThreads
Event: 0.598 Executing VM operation: HandshakeAllThreads done
Event: 0.643 Executing VM operation: HandshakeAllThreads
Event: 0.643 Executing VM operation: HandshakeAllThreads done
Event: 1.644 Executing VM operation: Cleanup
Event: 1.644 Executing VM operation: Cleanup done
Event: 1.735 Executing VM operation: HandshakeAllThreads
Event: 1.735 Executing VM operation: HandshakeAllThreads done
Event: 2.735 Executing VM operation: Cleanup
Event: 2.735 Executing VM operation: Cleanup done
Event: 3.735 Executing VM operation: Cleanup
Event: 3.735 Executing VM operation: Cleanup done

Events (20 events):
Event: 2.324 loading class javax/swing/CellRendererPane
Event: 2.324 loading class javax/swing/CellRendererPane done
Event: 2.324 loading class javax/swing/JLayer
Event: 2.325 loading class javax/swing/JLayer done
Event: 2.325 loading class javax/swing/JViewport
Event: 2.325 loading class javax/swing/JViewport done
Event: 2.325 loading class javax/swing/text/AbstractDocument$UndoRedoDocumentEvent
Event: 2.325 loading class javax/swing/text/AbstractDocument$UndoRedoDocumentEvent done
Event: 2.325 loading class javax/swing/text/DefaultCaret$1
Event: 2.325 loading class javax/swing/text/DefaultCaret$1 done
Event: 2.325 loading class javax/swing/event/UndoableEditEvent
Event: 2.325 loading class javax/swing/event/UndoableEditEvent done
Event: 2.325 loading class javax/swing/text/AbstractDocument$DefaultDocumentEventUndoableWrapper
Event: 2.325 loading class sun/swing/text/UndoableEditLockSupport
Event: 2.325 loading class sun/swing/text/UndoableEditLockSupport done
Event: 2.325 loading class javax/swing/text/AbstractDocument$DefaultDocumentEventUndoableWrapper done
Event: 2.325 loading class javax/swing/event/UndoableEditListener
Event: 2.325 loading class javax/swing/event/UndoableEditListener done
Event: 2.326 loading class javax/swing/RepaintManager$3
Event: 2.326 loading class javax/swing/RepaintManager$3 done


Dynamic libraries:
0x00007ff609170000 - 0x00007ff60917e000 	C:\Users\Abdullah Ibrahim\.p2\pool\plugins\org.eclipse.justj.openjdk.hotspot.jre.full.win32.x86_64_17.0.2.v20220201-1208\jre\bin\javaw.exe
0x00007ff85bff0000 - 0x00007ff85c1e5000 	C:\Windows\SYSTEM32\ntdll.dll
0x00007ff85bb40000 - 0x00007ff85bbfd000 	C:\Windows\System32\KERNEL32.DLL
0x00007ff859a40000 - 0x00007ff859d0d000 	C:\Windows\System32\KERNELBASE.dll
0x00007ff859e20000 - 0x00007ff859f20000 	C:\Windows\System32\ucrtbase.dll
0x00007ff856ab0000 - 0x00007ff856ac8000 	C:\Users\Abdullah Ibrahim\.p2\pool\plugins\org.eclipse.justj.openjdk.hotspot.jre.full.win32.x86_64_17.0.2.v20220201-1208\jre\bin\jli.dll
0x00007ff851ed0000 - 0x00007ff851ee9000 	C:\Users\Abdullah Ibrahim\.p2\pool\plugins\org.eclipse.justj.openjdk.hotspot.jre.full.win32.x86_64_17.0.2.v20220201-1208\jre\bin\VCRUNTIME140.dll
0x00007ff85b940000 - 0x00007ff85bae0000 	C:\Windows\System32\USER32.dll
0x00007ff859d10000 - 0x00007ff859d32000 	C:\Windows\System32\win32u.dll
0x00007ff848680000 - 0x00007ff84891a000 	C:\Windows\WinSxS\amd64_microsoft.windows.common-controls_6595b64144ccf1df_6.0.19041.1110_none_60b5254171f9507e\COMCTL32.dll
0x00007ff85ac10000 - 0x00007ff85ac3a000 	C:\Windows\System32\GDI32.dll
0x00007ff85bd90000 - 0x00007ff85be2e000 	C:\Windows\System32\msvcrt.dll
0x00007ff859700000 - 0x00007ff85980b000 	C:\Windows\System32\gdi32full.dll
0x00007ff859810000 - 0x00007ff8598ad000 	C:\Windows\System32\msvcp_win.dll
0x00007ff85bf80000 - 0x00007ff85bfb0000 	C:\Windows\System32\IMM32.DLL
0x00007ff853810000 - 0x00007ff85381c000 	C:\Users\Abdullah Ibrahim\.p2\pool\plugins\org.eclipse.justj.openjdk.hotspot.jre.full.win32.x86_64_17.0.2.v20220201-1208\jre\bin\vcruntime140_1.dll
0x00007ff843850000 - 0x00007ff8438e1000 	C:\Users\Abdullah Ibrahim\.p2\pool\plugins\org.eclipse.justj.openjdk.hotspot.jre.full.win32.x86_64_17.0.2.v20220201-1208\jre\bin\msvcp140.dll
0x00007ffffcb70000 - 0x00007ffffd7b7000 	C:\Users\Abdullah Ibrahim\.p2\pool\plugins\org.eclipse.justj.openjdk.hotspot.jre.full.win32.x86_64_17.0.2.v20220201-1208\jre\bin\server\jvm.dll
0x00007ff85a7d0000 - 0x00007ff85a87e000 	C:\Windows\System32\ADVAPI32.dll
0x00007ff85aa30000 - 0x00007ff85aacc000 	C:\Windows\System32\sechost.dll
0x00007ff85bc00000 - 0x00007ff85bd25000 	C:\Windows\System32\RPCRT4.dll
0x00007ff85b0c0000 - 0x00007ff85b0c8000 	C:\Windows\System32\PSAPI.DLL
0x00007ff851e30000 - 0x00007ff851e3a000 	C:\Windows\SYSTEM32\VERSION.dll
0x00007ff854e30000 - 0x00007ff854e39000 	C:\Windows\SYSTEM32\WSOCK32.dll
0x00007ff84f610000 - 0x00007ff84f637000 	C:\Windows\SYSTEM32\WINMM.dll
0x00007ff85be30000 - 0x00007ff85be9b000 	C:\Windows\System32\WS2_32.dll
0x00007ff857f90000 - 0x00007ff857fa2000 	C:\Windows\SYSTEM32\kernel.appcore.dll
0x00007ff853a30000 - 0x00007ff853a3a000 	C:\Users\Abdullah Ibrahim\.p2\pool\plugins\org.eclipse.justj.openjdk.hotspot.jre.full.win32.x86_64_17.0.2.v20220201-1208\jre\bin\jimage.dll
0x00007ff8575b0000 - 0x00007ff857794000 	C:\Windows\SYSTEM32\DBGHELP.DLL
0x00007ff846d30000 - 0x00007ff846d5c000 	C:\Windows\SYSTEM32\dbgcore.DLL
0x00007ff859d40000 - 0x00007ff859dc2000 	C:\Windows\System32\bcryptPrimitives.dll
0x00007ff851720000 - 0x00007ff851745000 	C:\Users\Abdullah Ibrahim\.p2\pool\plugins\org.eclipse.justj.openjdk.hotspot.jre.full.win32.x86_64_17.0.2.v20220201-1208\jre\bin\java.dll
0x00007ff853a10000 - 0x00007ff853a28000 	C:\Users\Abdullah Ibrahim\.p2\pool\plugins\org.eclipse.justj.openjdk.hotspot.jre.full.win32.x86_64_17.0.2.v20220201-1208\jre\bin\zip.dll
0x00007ff85b0d0000 - 0x00007ff85b814000 	C:\Windows\System32\SHELL32.dll
0x00007ff8577e0000 - 0x00007ff857f74000 	C:\Windows\SYSTEM32\windows.storage.dll
0x00007ff85a170000 - 0x00007ff85a4c4000 	C:\Windows\System32\combase.dll
0x00007ff859090000 - 0x00007ff8590bc000 	C:\Windows\SYSTEM32\Wldp.dll
0x00007ff85a040000 - 0x00007ff85a0ed000 	C:\Windows\System32\SHCORE.dll
0x00007ff85bd30000 - 0x00007ff85bd85000 	C:\Windows\System32\shlwapi.dll
0x00007ff859640000 - 0x00007ff85965f000 	C:\Windows\SYSTEM32\profapi.dll
0x00007ff852550000 - 0x00007ff852569000 	C:\Users\Abdullah Ibrahim\.p2\pool\plugins\org.eclipse.justj.openjdk.hotspot.jre.full.win32.x86_64_17.0.2.v20220201-1208\jre\bin\net.dll
0x00007ff84cb60000 - 0x00007ff84cc6a000 	C:\Windows\SYSTEM32\WINHTTP.dll
0x00007ff858df0000 - 0x00007ff858e5a000 	C:\Windows\system32\mswsock.dll
0x00007ff852050000 - 0x00007ff852065000 	C:\Users\Abdullah Ibrahim\.p2\pool\plugins\org.eclipse.justj.openjdk.hotspot.jre.full.win32.x86_64_17.0.2.v20220201-1208\jre\bin\nio.dll
0x00007ff854e00000 - 0x00007ff854e11000 	C:\Users\Abdullah Ibrahim\.p2\pool\plugins\org.eclipse.justj.openjdk.hotspot.jre.full.win32.x86_64_17.0.2.v20220201-1208\jre\bin\jsound.dll
0x00007ff85aae0000 - 0x00007ff85ac0a000 	C:\Windows\System32\ole32.dll
0x00007ff819db0000 - 0x00007ff819e4c000 	C:\Windows\SYSTEM32\DSOUND.dll
0x00007ff859570000 - 0x00007ff8595bb000 	C:\Windows\SYSTEM32\powrprof.dll
0x00007ff846d00000 - 0x00007ff846d26000 	C:\Windows\SYSTEM32\winmmbase.dll
0x00007ff859550000 - 0x00007ff859562000 	C:\Windows\SYSTEM32\UMPDC.dll
0x00007ff856db0000 - 0x00007ff856e4e000 	C:\Windows\system32\uxtheme.dll
0x00007ff85a4d0000 - 0x00007ff85a579000 	C:\Windows\System32\clbcatq.dll
0x00007ff852460000 - 0x00007ff8524e5000 	C:\Windows\System32\MMDevApi.dll
0x00007ff8593e0000 - 0x00007ff85940c000 	C:\Windows\System32\DEVOBJ.dll
0x00007ff859dd0000 - 0x00007ff859e1e000 	C:\Windows\System32\cfgmgr32.dll
0x00007ff81ef40000 - 0x00007ff81ef86000 	C:\Windows\SYSTEM32\wdmaud.drv
0x00007ff84a2d0000 - 0x00007ff84a2d9000 	C:\Windows\SYSTEM32\ksuser.dll
0x00007ff8548d0000 - 0x00007ff8548da000 	C:\Windows\SYSTEM32\AVRT.dll
0x00007ff8528b0000 - 0x00007ff852a32000 	C:\Windows\SYSTEM32\AUDIOSES.DLL
0x00007ff85a700000 - 0x00007ff85a7cd000 	C:\Windows\System32\OLEAUT32.dll
0x00007ff839080000 - 0x00007ff83908d000 	C:\Windows\SYSTEM32\msacm32.drv
0x00007ff82f880000 - 0x00007ff82f89e000 	C:\Windows\SYSTEM32\MSACM32.dll
0x00007ff838bc0000 - 0x00007ff838bcb000 	C:\Windows\SYSTEM32\midimap.dll
0x00007ff856ea0000 - 0x00007ff856eb4000 	C:\Windows\SYSTEM32\resourcepolicyclient.dll
0x00007ff838f00000 - 0x00007ff839041000 	C:\Windows\System32\Windows.UI.dll
0x00007ff853e70000 - 0x00007ff853f11000 	C:\Windows\System32\WindowManagementAPI.dll
0x00007ff83dca0000 - 0x00007ff83dd99000 	C:\Windows\System32\TextInputFramework.dll
0x00007ff838ce0000 - 0x00007ff838e32000 	C:\Windows\System32\InputHost.dll
0x00007ff855fc0000 - 0x00007ff856114000 	C:\Windows\SYSTEM32\wintypes.dll
0x00007ff853c40000 - 0x00007ff853e41000 	C:\Windows\SYSTEM32\twinapi.appcore.dll
0x00007ff856ad0000 - 0x00007ff856bc2000 	C:\Windows\System32\CoreMessaging.dll
0x00007ff856690000 - 0x00007ff8569ee000 	C:\Windows\System32\CoreUIComponents.dll
0x00007ff855020000 - 0x00007ff855116000 	C:\Windows\System32\PROPSYS.dll
0x00007ff858400000 - 0x00007ff858433000 	C:\Windows\SYSTEM32\ntmarta.dll
0x00007ff819e50000 - 0x00007ff819fde000 	C:\Users\Abdullah Ibrahim\.p2\pool\plugins\org.eclipse.justj.openjdk.hotspot.jre.full.win32.x86_64_17.0.2.v20220201-1208\jre\bin\awt.dll
0x00007ff856d00000 - 0x00007ff856d90000 	C:\Windows\SYSTEM32\apphelp.dll
0x00007ff857180000 - 0x00007ff8571af000 	C:\Windows\system32\DWMAPI.DLL
0x00007ff80d700000 - 0x00007ff80d826000 	C:\Windows\system32\opengl32.dll
0x00007ff828570000 - 0x00007ff82859c000 	C:\Windows\SYSTEM32\GLU32.dll
0x00007ff85b820000 - 0x00007ff85b935000 	C:\Windows\System32\MSCTF.dll
0x00007ff851430000 - 0x00007ff8515ff000 	C:\Windows\system32\d3d9.dll
0x00007ff859a10000 - 0x00007ff859a37000 	C:\Windows\System32\bcrypt.dll
0x00007ff859220000 - 0x00007ff859232000 	C:\Windows\SYSTEM32\msasn1.dll
0x00007ff850000000 - 0x00007ff850031000 	C:\Windows\SYSTEM32\cryptnet.dll
0x00007ff8598b0000 - 0x00007ff859a06000 	C:\Windows\System32\CRYPT32.dll
0x00007ff859000000 - 0x00007ff85900c000 	C:\Windows\SYSTEM32\cryptbase.dll
0x00007ff859f20000 - 0x00007ff859f88000 	C:\Windows\System32\WINTRUST.DLL
0x00007ff85bf00000 - 0x00007ff85bf1d000 	C:\Windows\System32\imagehlp.dll
0x00007ff858fe0000 - 0x00007ff858ff8000 	C:\Windows\SYSTEM32\CRYPTSP.dll
0x00007ff858770000 - 0x00007ff8587a4000 	C:\Windows\system32\rsaenh.dll
0x00007ff833410000 - 0x00007ff833516000 	C:\Windows\System32\DriverStore\FileRepository\nvlt.inf_amd64_30f5125c831ecfca\nvldumdx.dll
0x00007ff84cc70000 - 0x00007ff84cdb8000 	C:\Windows\SYSTEM32\drvstore.dll
0x00007ffff25f0000 - 0x00007ffff3ea0000 	C:\Windows\System32\DriverStore\FileRepository\nvlt.inf_amd64_30f5125c831ecfca\nvd3dumx.dll
0x00007ff81f030000 - 0x00007ff81f2f3000 	C:\Windows\system32\nvspcap64.dll
0x00007ff857fb0000 - 0x00007ff857fd3000 	C:\Windows\SYSTEM32\gpapi.dll
0x00007ff84ff20000 - 0x00007ff84ff5b000 	C:\Windows\SYSTEM32\dxcore.dll
0x00007ff84f640000 - 0x00007ff84f81b000 	C:\Windows\System32\DriverStore\FileRepository\u0365645.inf_amd64_6ea274c917f5f2dc\B365437\aticfx64.dll
0x00007ff84a820000 - 0x00007ff84a853000 	C:\Windows\System32\DriverStore\FileRepository\u0365645.inf_amd64_6ea274c917f5f2dc\B365437\atiu9p64.dll
0x00007fffe4880000 - 0x00007fffe558c000 	C:\Windows\System32\DriverStore\FileRepository\u0365645.inf_amd64_6ea274c917f5f2dc\B365437\atiumd64.dll
0x0000000074bb0000 - 0x0000000075a70000 	C:\Windows\System32\DriverStore\FileRepository\u0365645.inf_amd64_6ea274c917f5f2dc\B365437\atiumd6a.dll
0x00007ff84f1f0000 - 0x00007ff84f21f000 	C:\Windows\SYSTEM32\amdihk64.dll
0x00007ff8437c0000 - 0x00007ff843849000 	C:\Users\Abdullah Ibrahim\.p2\pool\plugins\org.eclipse.justj.openjdk.hotspot.jre.full.win32.x86_64_17.0.2.v20220201-1208\jre\bin\freetype.dll
0x00007ff843680000 - 0x00007ff843728000 	C:\Users\Abdullah Ibrahim\.p2\pool\plugins\org.eclipse.justj.openjdk.hotspot.jre.full.win32.x86_64_17.0.2.v20220201-1208\jre\bin\fontmanager.dll
0x00007ff84da40000 - 0x00007ff84da6d000 	C:\Users\Abdullah Ibrahim\.p2\pool\plugins\org.eclipse.justj.openjdk.hotspot.jre.full.win32.x86_64_17.0.2.v20220201-1208\jre\bin\javajpeg.dll
0x00007ff853390000 - 0x00007ff853544000 	C:\Windows\SYSTEM32\WindowsCodecs.dll
0x00007ff8430d0000 - 0x00007ff84310e000 	C:\Windows\system32\dataexchange.dll
0x00007ff856120000 - 0x00007ff856305000 	C:\Windows\system32\dcomp.dll
0x00007ff8558f0000 - 0x00007ff855b54000 	C:\Windows\system32\d3d11.dll
0x00007ff858000000 - 0x00007ff8580f3000 	C:\Windows\system32\dxgi.dll

dbghelp: loaded successfully - version: 4.0.5 - missing functions: none
symbol engine: initialized successfully - sym options: 0x614 - pdb path: .;C:\Users\Abdullah Ibrahim\.p2\pool\plugins\org.eclipse.justj.openjdk.hotspot.jre.full.win32.x86_64_17.0.2.v20220201-1208\jre\bin;C:\Windows\SYSTEM32;C:\Windows\WinSxS\amd64_microsoft.windows.common-controls_6595b64144ccf1df_6.0.19041.1110_none_60b5254171f9507e;C:\Users\Abdullah Ibrahim\.p2\pool\plugins\org.eclipse.justj.openjdk.hotspot.jre.full.win32.x86_64_17.0.2.v20220201-1208\jre\bin\server;C:\Windows\System32\DriverStore\FileRepository\nvlt.inf_amd64_30f5125c831ecfca;C:\Windows\System32\DriverStore\FileRepository\u0365645.inf_amd64_6ea274c917f5f2dc\B365437

VM Arguments:
jvm_args: -Dfile.encoding=Cp1252 -XX:+ShowCodeDetailsInExceptionMessages 
java_command: Controller.GameController
java_class_path (initial): C:\Users\Abdullah Ibrahim\.p2\pool\plugins\org.junit_4.13.2.v20211018-1956.jar;C:\Users\Abdullah Ibrahim\.p2\pool\plugins\org.hamcrest.core_1.3.0.v20180420-1519.jar;C:\Users\Abdullah Ibrahim\Desktop\Game\bin
Launcher Type: SUN_STANDARD

[Global flags]
     intx CICompilerCount                          = 4                                         {product} {ergonomic}
     uint ConcGCThreads                            = 3                                         {product} {ergonomic}
     uint G1ConcRefinementThreads                  = 10                                        {product} {ergonomic}
   size_t G1HeapRegionSize                         = 2097152                                   {product} {ergonomic}
    uintx GCDrainStackTargetSize                   = 64                                        {product} {ergonomic}
   size_t InitialHeapSize                          = 232783872                                 {product} {ergonomic}
   size_t MarkStackSize                            = 4194304                                   {product} {ergonomic}
   size_t MaxHeapSize                              = 3720347648                                {product} {ergonomic}
   size_t MaxNewSize                               = 2231369728                                {product} {ergonomic}
   size_t MinHeapDeltaBytes                        = 2097152                                   {product} {ergonomic}
   size_t MinHeapSize                              = 8388608                                   {product} {ergonomic}
    uintx NonNMethodCodeHeapSize                   = 5839372                                {pd product} {ergonomic}
    uintx NonProfiledCodeHeapSize                  = 122909434                              {pd product} {ergonomic}
    uintx ProfiledCodeHeapSize                     = 122909434                              {pd product} {ergonomic}
    uintx ReservedCodeCacheSize                    = 251658240                              {pd product} {ergonomic}
     bool SegmentedCodeCache                       = true                                      {product} {ergonomic}
     bool ShowCodeDetailsInExceptionMessages       = true                                   {manageable} {command line}
   size_t SoftMaxHeapSize                          = 3720347648                             {manageable} {ergonomic}
     bool UseCompressedClassPointers               = true                           {product lp64_product} {ergonomic}
     bool UseCompressedOops                        = true                           {product lp64_product} {ergonomic}
     bool UseG1GC                                  = true                                      {product} {ergonomic}
     bool UseLargePagesIndividualAllocation        = false                                  {pd product} {ergonomic}

Logging:
Log output configuration:
 #0: stdout all=warning uptime,level,tags
 #1: stderr all=off uptime,level,tags

Environment Variables:
PATH=C:/Users/Abdullah Ibrahim/.p2/pool/plugins/org.eclipse.justj.openjdk.hotspot.jre.full.win32.x86_64_17.0.2.v20220201-1208/jre/bin/server;C:/Users/Abdullah Ibrahim/.p2/pool/plugins/org.eclipse.justj.openjdk.hotspot.jre.full.win32.x86_64_17.0.2.v20220201-1208/jre/bin;C:\Program Files (x86)\VMware\VMware Player\bin\;C:\Program Files (x86)\Common Files\Oracle\Java\javapath;C:\Windows\system32;C:\Windows;C:\Windows\System32\Wbem;C:\Windows\System32\WindowsPowerShell\v1.0\;C:\Windows\System32\OpenSSH\;C:\Program Files (x86)\NVIDIA Corporation\PhysX\Common;C:\Program Files\NVIDIA Corporation\NVIDIA NvDLISR;C:\Users\Abdullah Ibrahim\AppData\Local\Microsoft\WindowsApps;;C:\Users\Abdullah Ibrahim\Desktop;
USERNAME=Abdullah Ibrahim
OS=Windows_NT
PROCESSOR_IDENTIFIER=AMD64 Family 25 Model 80 Stepping 0, AuthenticAMD



---------------  S Y S T E M  ---------------

OS:
 Windows 10 , 64 bit Build 19041 (10.0.19041.1706)
OS uptime: 15 days 16:05 hours

CPU: total 12 (initial active 12) (12 cores per cpu, 2 threads per core) family 25 model 80 stepping 0 microcode 0x0, cx8, cmov, fxsr, ht, mmx, 3dnowpref, sse, sse2, sse3, ssse3, sse4a, sse4.1, sse4.2, popcnt, lzcnt, tsc, tscinvbit, avx, avx2, aes, erms, clmul, bmi1, bmi2, adx, sha, fma, vzeroupper, clflush, clflushopt

Memory: 4k page, system-wide physical 14188M (3697M free)
TotalPageFile size 57196M (AvailPageFile size 9M)
current process WorkingSet (physical memory assigned to process): 142M, peak: 142M
current process commit charge ("private bytes"): 411M, peak: 418M

vm_info: OpenJDK 64-Bit Server VM (17.0.2+8) for windows-amd64 JRE (17.0.2+8), built on Jan 20 2022 04:52:34 by "" with MS VC++ 16.7 (VS2019)

END.
